<?xml version="1.0" encoding="UTF-8"?>
<testsuites name="TestSuite1" time="28.075" tests="4" failures="0" errors="0">
   <testsuite name="TestSuite1" tests="4" failures="0" errors="0" time="28.075" skipped="0" timestamp="2023-04-25 15:34:04" hostname="141572 - 2G53N13.ap.corp.arrow.com" id="Test Suites/TestSuite1">
      <properties>
         <property name="deviceName" value=""/>
         <property name="devicePlatform" value=""/>
         <property name="logFolder" value="C:\\Users\\141572\\git\\KTP\\Reports\\20230425_153401\\TestSuite1\\20230425_153401"/>
         <property name="logFiles" value="C:\\Users\\141572\\git\\KTP\\Reports\\20230425_153401\\TestSuite1\\20230425_153401\\execution0.log"/>
         <property name="attachments" value=""/>
         <property name="hostName" value="141572 - 2G53N13.ap.corp.arrow.com"/>
         <property name="os" value="Windows 10 64bit"/>
         <property name="katalonVersion" value="8.6.0.208"/>
         <property name="browser" value="Chrome 112.0.0.0"/>
         <property name="hostAddress" value="10.126.68.237"/>
         <property name="sessionId" value="6fd644319a2636a15e24d1a860f3c79d"/>
         <property name="seleniumVersion" value="3.141.59"/>
         <property name="proxyInformation" value="ProxyInformation { proxyOption=NO_PROXY, proxyServerType=HTTP, username=, password=********, proxyServerAddress=, proxyServerPort=0, executionList=&quot;&quot;, isApplyToDesiredCapabilities=true }"/>
         <property name="platform" value="Windows 10"/>
      </properties>
      <testcase name="Test Cases/TC1" time="6.865" classname="Test Cases/TC1" status="PASSED">
         <system-out><![CDATA[2023-04-25 15:34:04 - [TEST_CASE][PASSED] - Test Cases/TC1: Test Cases/TC1

2023-04-25 15:34:04 - [TEST_STEP][PASSED] - openBrowser(""): Browser is opened with url: ''

2023-04-25 15:34:05 - [MESSAGE][INFO] - Starting 'Chrome' driver

2023-04-25 15:34:05 - [MESSAGE][INFO] - Action delay is set to 0 milliseconds

2023-04-25 15:34:07 - [MESSAGE][PASSED] - Browser is opened with url: ''

2023-04-25 15:34:07 - [TEST_STEP][PASSED] - navigateToUrl("https://www.saucedemo.com/"): Navigate to 'https://www.saucedemo.com/' successfully

2023-04-25 15:34:08 - [MESSAGE][PASSED] - Navigate to 'https://www.saucedemo.com/' successfully

2023-04-25 15:34:08 - [TEST_STEP][PASSED] - setText(findTestObject("Object Repository/Page_Swag Labs/input_Swag Labs_user-name"), Username): Text 'standard_user' is set on object 'Object Repository/Page_Swag Labs/input_Swag Labs_user-name'

2023-04-25 15:34:09 - [MESSAGE][PASSED] - Text 'standard_user' is set on object 'Object Repository/Page_Swag Labs/input_Swag Labs_user-name'

2023-04-25 15:34:09 - [TEST_STEP][PASSED] - setText(findTestObject("Object Repository/Page_Swag Labs/input_Swag Labs_password"), Password): Text 'secret_sauce' is set on object 'Object Repository/Page_Swag Labs/input_Swag Labs_password'

2023-04-25 15:34:10 - [MESSAGE][PASSED] - Text 'secret_sauce' is set on object 'Object Repository/Page_Swag Labs/input_Swag Labs_password'

2023-04-25 15:34:10 - [TEST_STEP][PASSED] - click(findTestObject("Object Repository/Page_Swag Labs/input_Swag Labs_login-button")): Object: 'Object Repository/Page_Swag Labs/input_Swag Labs_login-button' is clicked on

2023-04-25 15:34:10 - [MESSAGE][PASSED] - Object: 'Object Repository/Page_Swag Labs/input_Swag Labs_login-button' is clicked on

2023-04-25 15:34:10 - [TEST_STEP][PASSED] - closeBrowser(): Browser is closed

2023-04-25 15:34:11 - [MESSAGE][PASSED] - Browser is closed]]></system-out>
         <system-err><![CDATA[]]></system-err>
      </testcase>
      <testcase name="Test Cases/TC1" time="5.211" classname="Test Cases/TC1" status="PASSED">
         <system-out><![CDATA[2023-04-25 15:34:11 - [TEST_CASE][PASSED] - Test Cases/TC1: Test Cases/TC1

2023-04-25 15:34:11 - [TEST_STEP][PASSED] - openBrowser(""): Browser is opened with url: ''

2023-04-25 15:34:11 - [MESSAGE][INFO] - Starting 'Chrome' driver

2023-04-25 15:34:11 - [MESSAGE][INFO] - Action delay is set to 0 milliseconds

2023-04-25 15:34:12 - [MESSAGE][PASSED] - Browser is opened with url: ''

2023-04-25 15:34:12 - [TEST_STEP][PASSED] - navigateToUrl("https://www.saucedemo.com/"): Navigate to 'https://www.saucedemo.com/' successfully

2023-04-25 15:34:14 - [MESSAGE][PASSED] - Navigate to 'https://www.saucedemo.com/' successfully

2023-04-25 15:34:14 - [TEST_STEP][PASSED] - setText(findTestObject("Object Repository/Page_Swag Labs/input_Swag Labs_user-name"), Username): Text 'locked_out_user' is set on object 'Object Repository/Page_Swag Labs/input_Swag Labs_user-name'

2023-04-25 15:34:14 - [MESSAGE][PASSED] - Text 'locked_out_user' is set on object 'Object Repository/Page_Swag Labs/input_Swag Labs_user-name'

2023-04-25 15:34:14 - [TEST_STEP][PASSED] - setText(findTestObject("Object Repository/Page_Swag Labs/input_Swag Labs_password"), Password): Text 'secret_sauce' is set on object 'Object Repository/Page_Swag Labs/input_Swag Labs_password'

2023-04-25 15:34:15 - [MESSAGE][PASSED] - Text 'secret_sauce' is set on object 'Object Repository/Page_Swag Labs/input_Swag Labs_password'

2023-04-25 15:34:15 - [TEST_STEP][PASSED] - click(findTestObject("Object Repository/Page_Swag Labs/input_Swag Labs_login-button")): Object: 'Object Repository/Page_Swag Labs/input_Swag Labs_login-button' is clicked on

2023-04-25 15:34:15 - [MESSAGE][PASSED] - Object: 'Object Repository/Page_Swag Labs/input_Swag Labs_login-button' is clicked on

2023-04-25 15:34:15 - [TEST_STEP][PASSED] - closeBrowser(): Browser is closed

2023-04-25 15:34:16 - [MESSAGE][PASSED] - Browser is closed]]></system-out>
         <system-err><![CDATA[]]></system-err>
      </testcase>
      <testcase name="Test Cases/TC1" time="5.302" classname="Test Cases/TC1" status="PASSED">
         <system-out><![CDATA[2023-04-25 15:34:16 - [TEST_CASE][PASSED] - Test Cases/TC1: Test Cases/TC1

2023-04-25 15:34:16 - [TEST_STEP][PASSED] - openBrowser(""): Browser is opened with url: ''

2023-04-25 15:34:16 - [MESSAGE][INFO] - Starting 'Chrome' driver

2023-04-25 15:34:16 - [MESSAGE][INFO] - Action delay is set to 0 milliseconds

2023-04-25 15:34:17 - [MESSAGE][PASSED] - Browser is opened with url: ''

2023-04-25 15:34:17 - [TEST_STEP][PASSED] - navigateToUrl("https://www.saucedemo.com/"): Navigate to 'https://www.saucedemo.com/' successfully

2023-04-25 15:34:19 - [MESSAGE][PASSED] - Navigate to 'https://www.saucedemo.com/' successfully

2023-04-25 15:34:19 - [TEST_STEP][PASSED] - setText(findTestObject("Object Repository/Page_Swag Labs/input_Swag Labs_user-name"), Username): Text 'problem_user' is set on object 'Object Repository/Page_Swag Labs/input_Swag Labs_user-name'

2023-04-25 15:34:20 - [MESSAGE][PASSED] - Text 'problem_user' is set on object 'Object Repository/Page_Swag Labs/input_Swag Labs_user-name'

2023-04-25 15:34:20 - [TEST_STEP][PASSED] - setText(findTestObject("Object Repository/Page_Swag Labs/input_Swag Labs_password"), Password): Text 'secret_sauce' is set on object 'Object Repository/Page_Swag Labs/input_Swag Labs_password'

2023-04-25 15:34:20 - [MESSAGE][PASSED] - Text 'secret_sauce' is set on object 'Object Repository/Page_Swag Labs/input_Swag Labs_password'

2023-04-25 15:34:20 - [TEST_STEP][PASSED] - click(findTestObject("Object Repository/Page_Swag Labs/input_Swag Labs_login-button")): Object: 'Object Repository/Page_Swag Labs/input_Swag Labs_login-button' is clicked on

2023-04-25 15:34:21 - [MESSAGE][PASSED] - Object: 'Object Repository/Page_Swag Labs/input_Swag Labs_login-button' is clicked on

2023-04-25 15:34:21 - [TEST_STEP][PASSED] - closeBrowser(): Browser is closed

2023-04-25 15:34:21 - [MESSAGE][PASSED] - Browser is closed]]></system-out>
         <system-err><![CDATA[]]></system-err>
      </testcase>
      <testcase name="Test Cases/TC1" time="10.29" classname="Test Cases/TC1" status="PASSED">
         <system-out><![CDATA[2023-04-25 15:34:21 - [TEST_CASE][PASSED] - Test Cases/TC1: Test Cases/TC1

2023-04-25 15:34:21 - [TEST_STEP][PASSED] - openBrowser(""): Browser is opened with url: ''

2023-04-25 15:34:21 - [MESSAGE][INFO] - Starting 'Chrome' driver

2023-04-25 15:34:21 - [MESSAGE][INFO] - Action delay is set to 0 milliseconds

2023-04-25 15:34:23 - [MESSAGE][PASSED] - Browser is opened with url: ''

2023-04-25 15:34:23 - [TEST_STEP][PASSED] - navigateToUrl("https://www.saucedemo.com/"): Navigate to 'https://www.saucedemo.com/' successfully

2023-04-25 15:34:24 - [MESSAGE][PASSED] - Navigate to 'https://www.saucedemo.com/' successfully

2023-04-25 15:34:24 - [TEST_STEP][PASSED] - setText(findTestObject("Object Repository/Page_Swag Labs/input_Swag Labs_user-name"), Username): Text 'performance_glitch_user' is set on object 'Object Repository/Page_Swag Labs/input_Swag Labs_user-name'

2023-04-25 15:34:25 - [MESSAGE][PASSED] - Text 'performance_glitch_user' is set on object 'Object Repository/Page_Swag Labs/input_Swag Labs_user-name'

2023-04-25 15:34:25 - [TEST_STEP][PASSED] - setText(findTestObject("Object Repository/Page_Swag Labs/input_Swag Labs_password"), Password): Text 'secret_sauce' is set on object 'Object Repository/Page_Swag Labs/input_Swag Labs_password'

2023-04-25 15:34:26 - [MESSAGE][PASSED] - Text 'secret_sauce' is set on object 'Object Repository/Page_Swag Labs/input_Swag Labs_password'

2023-04-25 15:34:26 - [TEST_STEP][PASSED] - click(findTestObject("Object Repository/Page_Swag Labs/input_Swag Labs_login-button")): Object: 'Object Repository/Page_Swag Labs/input_Swag Labs_login-button' is clicked on

2023-04-25 15:34:31 - [MESSAGE][PASSED] - Object: 'Object Repository/Page_Swag Labs/input_Swag Labs_login-button' is clicked on

2023-04-25 15:34:31 - [TEST_STEP][PASSED] - closeBrowser(): Browser is closed

2023-04-25 15:34:32 - [MESSAGE][PASSED] - Browser is closed]]></system-out>
         <system-err><![CDATA[]]></system-err>
      </testcase>
      <system-out><![CDATA[2023-04-25 15:34:04 - [TEST_SUITE][PASSED] - TestSuite1: Test Cases/TC1]]></system-out>
      <system-err><![CDATA[]]></system-err>
   </testsuite>
</testsuites>
