<?xml version="1.0" encoding="UTF-8"?>
<testsuites name="TS2" time="27.174" tests="2" failures="0" errors="0">
   <testsuite name="TS2" tests="2" failures="0" errors="0" time="27.174" skipped="0" timestamp="2023-04-26 18:04:54" hostname="141572 - 2G53N13.ap.corp.arrow.com" id="Test Suites/TS2">
      <properties>
         <property name="deviceName" value=""/>
         <property name="devicePlatform" value=""/>
         <property name="logFolder" value="C:\\Users\\141572\\git\\KTP\\Reports\\20230426_180324\\TS2\\20230426_180327"/>
         <property name="logFiles" value="C:\\Users\\141572\\git\\KTP\\Reports\\20230426_180324\\TS2\\20230426_180327\\execution0.log"/>
         <property name="attachments" value=""/>
         <property name="hostName" value="141572 - 2G53N13.ap.corp.arrow.com"/>
         <property name="os" value="Windows 10 64bit"/>
         <property name="katalonVersion" value="8.6.0.208"/>
         <property name="browser" value="Chrome 112.0.0.0"/>
         <property name="hostAddress" value="10.126.68.237"/>
         <property name="sessionId" value="236aa7028e9c98d0d1b930381018556a"/>
         <property name="seleniumVersion" value="3.141.59"/>
         <property name="proxyInformation" value="ProxyInformation { proxyOption=NO_PROXY, proxyServerType=HTTP, username=, password=********, proxyServerAddress=, proxyServerPort=0, executionList=&quot;&quot;, isApplyToDesiredCapabilities=true }"/>
         <property name="platform" value="Windows 10"/>
      </properties>
      <testcase name="Test Cases/verifyPriceInCart" time="13.929" classname="Test Cases/verifyPriceInCart" status="PASSED">
         <system-out><![CDATA[2023-04-26 18:04:54 - [TEST_CASE][PASSED] - Test Cases/verifyPriceInCart: Test Cases/verifyPriceInCart

2023-04-26 18:04:55 - [TEST_STEP][PASSED] - openBrowser(""): Browser is opened with url: ''

2023-04-26 18:04:55 - [MESSAGE][INFO] - Starting 'Chrome' driver

2023-04-26 18:04:55 - [MESSAGE][INFO] - Action delay is set to 0 milliseconds

2023-04-26 18:04:57 - [MESSAGE][PASSED] - Browser is opened with url: ''

2023-04-26 18:04:57 - [TEST_STEP][PASSED] - navigateToUrl("https://www.saucedemo.com/"): Navigate to 'https://www.saucedemo.com/' successfully

2023-04-26 18:04:58 - [MESSAGE][PASSED] - Navigate to 'https://www.saucedemo.com/' successfully

2023-04-26 18:04:58 - [TEST_STEP][PASSED] - maximizeWindow(): Current window maximized

2023-04-26 18:04:58 - [MESSAGE][PASSED] - Current window maximized

2023-04-26 18:04:58 - [TEST_STEP][PASSED] - setText(findTestObject("Object Repository/Page_Swag Labs/input_Swag Labs_user-name"), "standard_user"): Text 'standard_user' is set on object 'Object Repository/Page_Swag Labs/input_Swag Labs_user-name'

2023-04-26 18:04:59 - [MESSAGE][PASSED] - Text 'standard_user' is set on object 'Object Repository/Page_Swag Labs/input_Swag Labs_user-name'

2023-04-26 18:04:59 - [TEST_STEP][PASSED] - setText(findTestObject("Object Repository/Page_Swag Labs/input_Swag Labs_password"), "secret_sauce"): Text 'secret_sauce' is set on object 'Object Repository/Page_Swag Labs/input_Swag Labs_password'

2023-04-26 18:05:00 - [MESSAGE][PASSED] - Text 'secret_sauce' is set on object 'Object Repository/Page_Swag Labs/input_Swag Labs_password'

2023-04-26 18:05:00 - [TEST_STEP][PASSED] - click(findTestObject("Object Repository/Page_Swag Labs/input_Swag Labs_login-button")): Object: 'Object Repository/Page_Swag Labs/input_Swag Labs_login-button' is clicked on

2023-04-26 18:05:00 - [MESSAGE][PASSED] - Object: 'Object Repository/Page_Swag Labs/input_Swag Labs_login-button' is clicked on

2023-04-26 18:05:00 - [TEST_STEP][PASSED] - rowCount = findTestData("ProductData").getRowNumbers(): null

2023-04-26 18:05:01 - [TEST_STEP][PASSED] - arr = new java.util.ArrayList(): null

2023-04-26 18:05:01 - [TEST_STEP][PASSED] - for ([i = 1, i <= rowCount, (i++)]): null

2023-04-26 18:05:01 - [TEST_STEP][PASSED] - arr.add(findTestData("ProductData").getValue("ProductTitle", i)): null

2023-04-26 18:05:01 - [TEST_STEP][PASSED] - arr.add(findTestData("ProductData").getValue("ProductTitle", i)): null

2023-04-26 18:05:01 - [TEST_STEP][PASSED] - for (String pp : arr): Object: 'Object Repository/cartPage/btn_continue_shopping' is clicked on

2023-04-26 18:05:01 - [TEST_STEP][PASSED] - ProductTitle = getText(findTestObject("Object Repository/txt_product_title", ["ProductTitle":pp])): Text of object 'Object Repository/txt_product_title' is: 'Sauce Labs Backpack'

2023-04-26 18:05:01 - [MESSAGE][PASSED] - Text of object 'Object Repository/txt_product_title' is: 'Sauce Labs Backpack'

2023-04-26 18:05:01 - [TEST_STEP][PASSED] - scrollToElement(findTestObject("Object Repository/btn_add_to_cart", ["ProductTitle":pp]), 10): Scroll to object 'Object Repository/btn_add_to_cart' successfully

2023-04-26 18:05:02 - [MESSAGE][PASSED] - Scroll to object 'Object Repository/btn_add_to_cart' successfully

2023-04-26 18:05:02 - [TEST_STEP][PASSED] - expectedPrice = getText(findTestObject("Object Repository/cartPage/txt_product_price", ["ProductTitle":pp])): Text of object 'Object Repository/cartPage/txt_product_price' is: '$29.99'

2023-04-26 18:05:02 - [MESSAGE][PASSED] - Text of object 'Object Repository/cartPage/txt_product_price' is: '$29.99'

2023-04-26 18:05:02 - [TEST_STEP][PASSED] - click(findTestObject("Object Repository/btn_add_to_cart", ["ProductTitle":pp])): Object: 'Object Repository/btn_add_to_cart' is clicked on

2023-04-26 18:05:02 - [MESSAGE][PASSED] - Object: 'Object Repository/btn_add_to_cart' is clicked on

2023-04-26 18:05:02 - [TEST_STEP][PASSED] - scrollToElement(findTestObject("Object Repository/icon_add_to_cart"), 10): Scroll to object 'Object Repository/icon_add_to_cart' successfully

2023-04-26 18:05:03 - [MESSAGE][PASSED] - Scroll to object 'Object Repository/icon_add_to_cart' successfully

2023-04-26 18:05:03 - [TEST_STEP][PASSED] - click(findTestObject("Object Repository/icon_add_to_cart")): Object: 'Object Repository/icon_add_to_cart' is clicked on

2023-04-26 18:05:03 - [MESSAGE][PASSED] - Object: 'Object Repository/icon_add_to_cart' is clicked on

2023-04-26 18:05:03 - [TEST_STEP][PASSED] - verifyElementPresent(findTestObject("Object Repository/cartPage/txt_Product_title", ["ProductTitle":pp]), 10): Object 'Object Repository/cartPage/txt_Product_title' is present

2023-04-26 18:05:04 - [MESSAGE][PASSED] - Object 'Object Repository/cartPage/txt_Product_title' is present

2023-04-26 18:05:04 - [TEST_STEP][PASSED] - actualPrice = getText(findTestObject("Object Repository/cartPage/txt_product_price", ["ProductTitle":pp])): Text of object 'Object Repository/cartPage/txt_product_price' is: '$29.99'

2023-04-26 18:05:04 - [MESSAGE][PASSED] - Text of object 'Object Repository/cartPage/txt_product_price' is: '$29.99'

2023-04-26 18:05:04 - [TEST_STEP][PASSED] - verifyMatch(actualPrice, expectedPrice, false, CONTINUE_ON_FAILURE): Actual text '$29.99' and expected text '$29.99' are matched 

2023-04-26 18:05:04 - [MESSAGE][PASSED] - Actual text '$29.99' and expected text '$29.99' are matched 

2023-04-26 18:05:04 - [TEST_STEP][PASSED] - click(findTestObject("Object Repository/cartPage/btn_continue_shopping")): Object: 'Object Repository/cartPage/btn_continue_shopping' is clicked on

2023-04-26 18:05:04 - [MESSAGE][PASSED] - Object: 'Object Repository/cartPage/btn_continue_shopping' is clicked on

2023-04-26 18:05:04 - [TEST_STEP][PASSED] - ProductTitle = getText(findTestObject("Object Repository/txt_product_title", ["ProductTitle":pp])): Text of object 'Object Repository/txt_product_title' is: 'Sauce Labs Bolt T-Shirt'

2023-04-26 18:05:05 - [MESSAGE][PASSED] - Text of object 'Object Repository/txt_product_title' is: 'Sauce Labs Bolt T-Shirt'

2023-04-26 18:05:05 - [TEST_STEP][PASSED] - scrollToElement(findTestObject("Object Repository/btn_add_to_cart", ["ProductTitle":pp]), 10): Scroll to object 'Object Repository/btn_add_to_cart' successfully

2023-04-26 18:05:05 - [MESSAGE][PASSED] - Scroll to object 'Object Repository/btn_add_to_cart' successfully

2023-04-26 18:05:05 - [TEST_STEP][PASSED] - expectedPrice = getText(findTestObject("Object Repository/cartPage/txt_product_price", ["ProductTitle":pp])): Text of object 'Object Repository/cartPage/txt_product_price' is: '$15.99'

2023-04-26 18:05:06 - [MESSAGE][PASSED] - Text of object 'Object Repository/cartPage/txt_product_price' is: '$15.99'

2023-04-26 18:05:06 - [TEST_STEP][PASSED] - click(findTestObject("Object Repository/btn_add_to_cart", ["ProductTitle":pp])): Object: 'Object Repository/btn_add_to_cart' is clicked on

2023-04-26 18:05:06 - [MESSAGE][PASSED] - Object: 'Object Repository/btn_add_to_cart' is clicked on

2023-04-26 18:05:06 - [TEST_STEP][PASSED] - scrollToElement(findTestObject("Object Repository/icon_add_to_cart"), 10): Scroll to object 'Object Repository/icon_add_to_cart' successfully

2023-04-26 18:05:06 - [MESSAGE][PASSED] - Scroll to object 'Object Repository/icon_add_to_cart' successfully

2023-04-26 18:05:06 - [TEST_STEP][PASSED] - click(findTestObject("Object Repository/icon_add_to_cart")): Object: 'Object Repository/icon_add_to_cart' is clicked on

2023-04-26 18:05:07 - [MESSAGE][PASSED] - Object: 'Object Repository/icon_add_to_cart' is clicked on

2023-04-26 18:05:07 - [TEST_STEP][PASSED] - verifyElementPresent(findTestObject("Object Repository/cartPage/txt_Product_title", ["ProductTitle":pp]), 10): Object 'Object Repository/cartPage/txt_Product_title' is present

2023-04-26 18:05:07 - [MESSAGE][PASSED] - Object 'Object Repository/cartPage/txt_Product_title' is present

2023-04-26 18:05:07 - [TEST_STEP][PASSED] - actualPrice = getText(findTestObject("Object Repository/cartPage/txt_product_price", ["ProductTitle":pp])): Text of object 'Object Repository/cartPage/txt_product_price' is: '$15.99'

2023-04-26 18:05:08 - [MESSAGE][PASSED] - Text of object 'Object Repository/cartPage/txt_product_price' is: '$15.99'

2023-04-26 18:05:08 - [TEST_STEP][PASSED] - verifyMatch(actualPrice, expectedPrice, false, CONTINUE_ON_FAILURE): Actual text '$15.99' and expected text '$15.99' are matched 

2023-04-26 18:05:08 - [MESSAGE][PASSED] - Actual text '$15.99' and expected text '$15.99' are matched 

2023-04-26 18:05:08 - [TEST_STEP][PASSED] - click(findTestObject("Object Repository/cartPage/btn_continue_shopping")): Object: 'Object Repository/cartPage/btn_continue_shopping' is clicked on

2023-04-26 18:05:08 - [MESSAGE][PASSED] - Object: 'Object Repository/cartPage/btn_continue_shopping' is clicked on]]></system-out>
         <system-err><![CDATA[]]></system-err>
      </testcase>
      <testcase name="Test Cases/verifyPriceInCart" time="12.895" classname="Test Cases/verifyPriceInCart" status="PASSED">
         <system-out><![CDATA[2023-04-26 18:05:08 - [TEST_CASE][PASSED] - Test Cases/verifyPriceInCart: Test Cases/verifyPriceInCart

2023-04-26 18:05:08 - [TEST_STEP][PASSED] - openBrowser(""): Browser is opened with url: ''

2023-04-26 18:05:08 - [MESSAGE][WARNING] - A browser is already opened. Closing browser and opening a new one

2023-04-26 18:05:09 - [MESSAGE][INFO] - Starting 'Chrome' driver

2023-04-26 18:05:09 - [MESSAGE][INFO] - Action delay is set to 0 milliseconds

2023-04-26 18:05:10 - [MESSAGE][PASSED] - Browser is opened with url: ''

2023-04-26 18:05:10 - [TEST_STEP][PASSED] - navigateToUrl("https://www.saucedemo.com/"): Navigate to 'https://www.saucedemo.com/' successfully

2023-04-26 18:05:12 - [MESSAGE][PASSED] - Navigate to 'https://www.saucedemo.com/' successfully

2023-04-26 18:05:12 - [TEST_STEP][PASSED] - maximizeWindow(): Current window maximized

2023-04-26 18:05:12 - [MESSAGE][PASSED] - Current window maximized

2023-04-26 18:05:12 - [TEST_STEP][PASSED] - setText(findTestObject("Object Repository/Page_Swag Labs/input_Swag Labs_user-name"), "standard_user"): Text 'standard_user' is set on object 'Object Repository/Page_Swag Labs/input_Swag Labs_user-name'

2023-04-26 18:05:12 - [MESSAGE][PASSED] - Text 'standard_user' is set on object 'Object Repository/Page_Swag Labs/input_Swag Labs_user-name'

2023-04-26 18:05:12 - [TEST_STEP][PASSED] - setText(findTestObject("Object Repository/Page_Swag Labs/input_Swag Labs_password"), "secret_sauce"): Text 'secret_sauce' is set on object 'Object Repository/Page_Swag Labs/input_Swag Labs_password'

2023-04-26 18:05:13 - [MESSAGE][PASSED] - Text 'secret_sauce' is set on object 'Object Repository/Page_Swag Labs/input_Swag Labs_password'

2023-04-26 18:05:13 - [TEST_STEP][PASSED] - click(findTestObject("Object Repository/Page_Swag Labs/input_Swag Labs_login-button")): Object: 'Object Repository/Page_Swag Labs/input_Swag Labs_login-button' is clicked on

2023-04-26 18:05:14 - [MESSAGE][PASSED] - Object: 'Object Repository/Page_Swag Labs/input_Swag Labs_login-button' is clicked on

2023-04-26 18:05:14 - [TEST_STEP][PASSED] - rowCount = findTestData("ProductData").getRowNumbers(): null

2023-04-26 18:05:14 - [TEST_STEP][PASSED] - arr = new java.util.ArrayList(): null

2023-04-26 18:05:14 - [TEST_STEP][PASSED] - for ([i = 1, i <= rowCount, (i++)]): null

2023-04-26 18:05:14 - [TEST_STEP][PASSED] - arr.add(findTestData("ProductData").getValue("ProductTitle", i)): null

2023-04-26 18:05:14 - [TEST_STEP][PASSED] - arr.add(findTestData("ProductData").getValue("ProductTitle", i)): null

2023-04-26 18:05:14 - [TEST_STEP][PASSED] - for (String pp : arr): Object: 'Object Repository/cartPage/btn_continue_shopping' is clicked on

2023-04-26 18:05:14 - [TEST_STEP][PASSED] - ProductTitle = getText(findTestObject("Object Repository/txt_product_title", ["ProductTitle":pp])): Text of object 'Object Repository/txt_product_title' is: 'Sauce Labs Backpack'

2023-04-26 18:05:14 - [MESSAGE][PASSED] - Text of object 'Object Repository/txt_product_title' is: 'Sauce Labs Backpack'

2023-04-26 18:05:14 - [TEST_STEP][PASSED] - scrollToElement(findTestObject("Object Repository/btn_add_to_cart", ["ProductTitle":pp]), 10): Scroll to object 'Object Repository/btn_add_to_cart' successfully

2023-04-26 18:05:15 - [MESSAGE][PASSED] - Scroll to object 'Object Repository/btn_add_to_cart' successfully

2023-04-26 18:05:15 - [TEST_STEP][PASSED] - expectedPrice = getText(findTestObject("Object Repository/cartPage/txt_product_price", ["ProductTitle":pp])): Text of object 'Object Repository/cartPage/txt_product_price' is: '$29.99'

2023-04-26 18:05:15 - [MESSAGE][PASSED] - Text of object 'Object Repository/cartPage/txt_product_price' is: '$29.99'

2023-04-26 18:05:15 - [TEST_STEP][PASSED] - click(findTestObject("Object Repository/btn_add_to_cart", ["ProductTitle":pp])): Object: 'Object Repository/btn_add_to_cart' is clicked on

2023-04-26 18:05:15 - [MESSAGE][PASSED] - Object: 'Object Repository/btn_add_to_cart' is clicked on

2023-04-26 18:05:15 - [TEST_STEP][PASSED] - scrollToElement(findTestObject("Object Repository/icon_add_to_cart"), 10): Scroll to object 'Object Repository/icon_add_to_cart' successfully

2023-04-26 18:05:16 - [MESSAGE][PASSED] - Scroll to object 'Object Repository/icon_add_to_cart' successfully

2023-04-26 18:05:16 - [TEST_STEP][PASSED] - click(findTestObject("Object Repository/icon_add_to_cart")): Object: 'Object Repository/icon_add_to_cart' is clicked on

2023-04-26 18:05:16 - [MESSAGE][PASSED] - Object: 'Object Repository/icon_add_to_cart' is clicked on

2023-04-26 18:05:16 - [TEST_STEP][PASSED] - verifyElementPresent(findTestObject("Object Repository/cartPage/txt_Product_title", ["ProductTitle":pp]), 10): Object 'Object Repository/cartPage/txt_Product_title' is present

2023-04-26 18:05:16 - [MESSAGE][PASSED] - Object 'Object Repository/cartPage/txt_Product_title' is present

2023-04-26 18:05:16 - [TEST_STEP][PASSED] - actualPrice = getText(findTestObject("Object Repository/cartPage/txt_product_price", ["ProductTitle":pp])): Text of object 'Object Repository/cartPage/txt_product_price' is: '$29.99'

2023-04-26 18:05:17 - [MESSAGE][PASSED] - Text of object 'Object Repository/cartPage/txt_product_price' is: '$29.99'

2023-04-26 18:05:17 - [TEST_STEP][PASSED] - verifyMatch(actualPrice, expectedPrice, false, CONTINUE_ON_FAILURE): Actual text '$29.99' and expected text '$29.99' are matched 

2023-04-26 18:05:17 - [MESSAGE][PASSED] - Actual text '$29.99' and expected text '$29.99' are matched 

2023-04-26 18:05:17 - [TEST_STEP][PASSED] - click(findTestObject("Object Repository/cartPage/btn_continue_shopping")): Object: 'Object Repository/cartPage/btn_continue_shopping' is clicked on

2023-04-26 18:05:17 - [MESSAGE][PASSED] - Object: 'Object Repository/cartPage/btn_continue_shopping' is clicked on

2023-04-26 18:05:17 - [TEST_STEP][PASSED] - ProductTitle = getText(findTestObject("Object Repository/txt_product_title", ["ProductTitle":pp])): Text of object 'Object Repository/txt_product_title' is: 'Sauce Labs Bolt T-Shirt'

2023-04-26 18:05:18 - [MESSAGE][PASSED] - Text of object 'Object Repository/txt_product_title' is: 'Sauce Labs Bolt T-Shirt'

2023-04-26 18:05:18 - [TEST_STEP][PASSED] - scrollToElement(findTestObject("Object Repository/btn_add_to_cart", ["ProductTitle":pp]), 10): Scroll to object 'Object Repository/btn_add_to_cart' successfully

2023-04-26 18:05:18 - [MESSAGE][PASSED] - Scroll to object 'Object Repository/btn_add_to_cart' successfully

2023-04-26 18:05:18 - [TEST_STEP][PASSED] - expectedPrice = getText(findTestObject("Object Repository/cartPage/txt_product_price", ["ProductTitle":pp])): Text of object 'Object Repository/cartPage/txt_product_price' is: '$15.99'

2023-04-26 18:05:18 - [MESSAGE][PASSED] - Text of object 'Object Repository/cartPage/txt_product_price' is: '$15.99'

2023-04-26 18:05:18 - [TEST_STEP][PASSED] - click(findTestObject("Object Repository/btn_add_to_cart", ["ProductTitle":pp])): Object: 'Object Repository/btn_add_to_cart' is clicked on

2023-04-26 18:05:19 - [MESSAGE][PASSED] - Object: 'Object Repository/btn_add_to_cart' is clicked on

2023-04-26 18:05:19 - [TEST_STEP][PASSED] - scrollToElement(findTestObject("Object Repository/icon_add_to_cart"), 10): Scroll to object 'Object Repository/icon_add_to_cart' successfully

2023-04-26 18:05:19 - [MESSAGE][PASSED] - Scroll to object 'Object Repository/icon_add_to_cart' successfully

2023-04-26 18:05:19 - [TEST_STEP][PASSED] - click(findTestObject("Object Repository/icon_add_to_cart")): Object: 'Object Repository/icon_add_to_cart' is clicked on

2023-04-26 18:05:20 - [MESSAGE][PASSED] - Object: 'Object Repository/icon_add_to_cart' is clicked on

2023-04-26 18:05:20 - [TEST_STEP][PASSED] - verifyElementPresent(findTestObject("Object Repository/cartPage/txt_Product_title", ["ProductTitle":pp]), 10): Object 'Object Repository/cartPage/txt_Product_title' is present

2023-04-26 18:05:20 - [MESSAGE][PASSED] - Object 'Object Repository/cartPage/txt_Product_title' is present

2023-04-26 18:05:20 - [TEST_STEP][PASSED] - actualPrice = getText(findTestObject("Object Repository/cartPage/txt_product_price", ["ProductTitle":pp])): Text of object 'Object Repository/cartPage/txt_product_price' is: '$15.99'

2023-04-26 18:05:21 - [MESSAGE][PASSED] - Text of object 'Object Repository/cartPage/txt_product_price' is: '$15.99'

2023-04-26 18:05:21 - [TEST_STEP][PASSED] - verifyMatch(actualPrice, expectedPrice, false, CONTINUE_ON_FAILURE): Actual text '$15.99' and expected text '$15.99' are matched 

2023-04-26 18:05:21 - [MESSAGE][PASSED] - Actual text '$15.99' and expected text '$15.99' are matched 

2023-04-26 18:05:21 - [TEST_STEP][PASSED] - click(findTestObject("Object Repository/cartPage/btn_continue_shopping")): Object: 'Object Repository/cartPage/btn_continue_shopping' is clicked on

2023-04-26 18:05:21 - [MESSAGE][PASSED] - Object: 'Object Repository/cartPage/btn_continue_shopping' is clicked on]]></system-out>
         <system-err><![CDATA[]]></system-err>
      </testcase>
      <system-out><![CDATA[2023-04-26 18:04:54 - [TEST_SUITE][PASSED] - TS2: Test Cases/verifyPriceInCart]]></system-out>
      <system-err><![CDATA[]]></system-err>
   </testsuite>
</testsuites>
