<?xml version="1.0" encoding="UTF-8"?>
<testsuites name="TS2" time="20.946" tests="2" failures="0" errors="0">
   <testsuite name="TS2" tests="2" failures="0" errors="0" time="20.946" skipped="0" timestamp="2023-04-25 17:38:42" hostname="141572 - 2G53N13.ap.corp.arrow.com" id="Test Suites/TS2">
      <properties>
         <property name="deviceName" value=""/>
         <property name="devicePlatform" value=""/>
         <property name="logFolder" value="C:\\Users\\141572\\git\\KTP\\Reports\\20230425_173828\\TS2\\20230425_173828"/>
         <property name="logFiles" value="C:\\Users\\141572\\git\\KTP\\Reports\\20230425_173828\\TS2\\20230425_173828\\execution0.log"/>
         <property name="attachments" value=""/>
         <property name="hostName" value="141572 - 2G53N13.ap.corp.arrow.com"/>
         <property name="os" value="Windows 10 64bit"/>
         <property name="katalonVersion" value="8.6.0.208"/>
         <property name="browser" value="Chrome 112.0.0.0"/>
         <property name="hostAddress" value="10.126.68.237"/>
         <property name="sessionId" value="6e1fdbfb08a7922e31299094fddb4223"/>
         <property name="seleniumVersion" value="3.141.59"/>
         <property name="proxyInformation" value="ProxyInformation { proxyOption=NO_PROXY, proxyServerType=HTTP, username=, password=********, proxyServerAddress=, proxyServerPort=0, executionList=&quot;&quot;, isApplyToDesiredCapabilities=true }"/>
         <property name="platform" value="Windows 10"/>
      </properties>
      <testcase name="Test Cases/TC2" time="11.211" classname="Test Cases/TC2" status="PASSED">
         <system-out><![CDATA[2023-04-25 17:38:42 - [TEST_CASE][PASSED] - Test Cases/TC2: Test Cases/TC2

2023-04-25 17:38:42 - [TEST_STEP][PASSED] - openBrowser(""): Browser is opened with url: ''

2023-04-25 17:38:43 - [MESSAGE][INFO] - Starting 'Chrome' driver

2023-04-25 17:38:43 - [MESSAGE][INFO] - Action delay is set to 0 milliseconds

2023-04-25 17:38:46 - [MESSAGE][PASSED] - Browser is opened with url: ''

2023-04-25 17:38:46 - [TEST_STEP][PASSED] - navigateToUrl("https://www.saucedemo.com/"): Navigate to 'https://www.saucedemo.com/' successfully

2023-04-25 17:38:47 - [MESSAGE][PASSED] - Navigate to 'https://www.saucedemo.com/' successfully

2023-04-25 17:38:47 - [TEST_STEP][PASSED] - maximizeWindow(): Current window maximized

2023-04-25 17:38:47 - [MESSAGE][PASSED] - Current window maximized

2023-04-25 17:38:47 - [TEST_STEP][PASSED] - setText(findTestObject("Object Repository/Page_Swag Labs/input_Swag Labs_user-name"), "standard_user"): Text 'standard_user' is set on object 'Object Repository/Page_Swag Labs/input_Swag Labs_user-name'

2023-04-25 17:38:48 - [MESSAGE][PASSED] - Text 'standard_user' is set on object 'Object Repository/Page_Swag Labs/input_Swag Labs_user-name'

2023-04-25 17:38:48 - [TEST_STEP][PASSED] - setText(findTestObject("Object Repository/Page_Swag Labs/input_Swag Labs_password"), "secret_sauce"): Text 'secret_sauce' is set on object 'Object Repository/Page_Swag Labs/input_Swag Labs_password'

2023-04-25 17:38:49 - [MESSAGE][PASSED] - Text 'secret_sauce' is set on object 'Object Repository/Page_Swag Labs/input_Swag Labs_password'

2023-04-25 17:38:49 - [TEST_STEP][PASSED] - click(findTestObject("Object Repository/Page_Swag Labs/input_Swag Labs_login-button")): Object: 'Object Repository/Page_Swag Labs/input_Swag Labs_login-button' is clicked on

2023-04-25 17:38:50 - [MESSAGE][PASSED] - Object: 'Object Repository/Page_Swag Labs/input_Swag Labs_login-button' is clicked on

2023-04-25 17:38:50 - [TEST_STEP][PASSED] - ProductTitle = getText(findTestObject("Object Repository/txt_product_title", ["ProductTitle":productTitle])): Text of object 'Object Repository/txt_product_title' is: 'Sauce Labs Backpack'

2023-04-25 17:38:50 - [MESSAGE][PASSED] - Text of object 'Object Repository/txt_product_title' is: 'Sauce Labs Backpack'

2023-04-25 17:38:50 - [TEST_STEP][PASSED] - scrollToElement(findTestObject("Object Repository/btn_add_to_cart", ["ProductTitle":productTitle]), 10): Scroll to object 'Object Repository/btn_add_to_cart' successfully

2023-04-25 17:38:51 - [MESSAGE][PASSED] - Scroll to object 'Object Repository/btn_add_to_cart' successfully

2023-04-25 17:38:51 - [TEST_STEP][PASSED] - expectedPrice = getText(findTestObject("Object Repository/cartPage/txt_product_price", ["ProductTitle":productTitle])): Text of object 'Object Repository/cartPage/txt_product_price' is: '$29.99'

2023-04-25 17:38:51 - [MESSAGE][PASSED] - Text of object 'Object Repository/cartPage/txt_product_price' is: '$29.99'

2023-04-25 17:38:51 - [TEST_STEP][PASSED] - print("***************************************************************************"): null

2023-04-25 17:38:51 - [TEST_STEP][PASSED] - print("

expected Price " + expectedPrice + "

"): null

2023-04-25 17:38:51 - [TEST_STEP][PASSED] - click(findTestObject("Object Repository/btn_add_to_cart", ["ProductTitle":productTitle])): Object: 'Object Repository/btn_add_to_cart' is clicked on

2023-04-25 17:38:52 - [MESSAGE][PASSED] - Object: 'Object Repository/btn_add_to_cart' is clicked on

2023-04-25 17:38:52 - [TEST_STEP][PASSED] - scrollToElement(findTestObject("Object Repository/icon_add_to_cart"), 10): Scroll to object 'Object Repository/icon_add_to_cart' successfully

2023-04-25 17:38:52 - [MESSAGE][PASSED] - Scroll to object 'Object Repository/icon_add_to_cart' successfully

2023-04-25 17:38:52 - [TEST_STEP][PASSED] - click(findTestObject("Object Repository/icon_add_to_cart")): Object: 'Object Repository/icon_add_to_cart' is clicked on

2023-04-25 17:38:52 - [MESSAGE][PASSED] - Object: 'Object Repository/icon_add_to_cart' is clicked on

2023-04-25 17:38:52 - [TEST_STEP][PASSED] - verifyElementPresent(findTestObject("Object Repository/cartPage/txt_Product_title", ["ProductTitle":productTitle]), 10): Object 'Object Repository/cartPage/txt_Product_title' is present

2023-04-25 17:38:53 - [MESSAGE][PASSED] - Object 'Object Repository/cartPage/txt_Product_title' is present

2023-04-25 17:38:53 - [TEST_STEP][PASSED] - actualPrice = getText(findTestObject("Object Repository/cartPage/txt_product_price", ["ProductTitle":productTitle])): Text of object 'Object Repository/cartPage/txt_product_price' is: '$29.99'

2023-04-25 17:38:53 - [MESSAGE][PASSED] - Text of object 'Object Repository/cartPage/txt_product_price' is: '$29.99'

2023-04-25 17:38:53 - [TEST_STEP][PASSED] - print("__________________________________________________________"): null

2023-04-25 17:38:53 - [TEST_STEP][PASSED] - print("

Actual Price " + actualPrice + "

"): null

2023-04-25 17:38:53 - [TEST_STEP][PASSED] - print("

 Price " + price + "

"): null]]></system-out>
         <system-err><![CDATA[]]></system-err>
      </testcase>
      <testcase name="Test Cases/TC2" time="9.382" classname="Test Cases/TC2" status="PASSED">
         <system-out><![CDATA[2023-04-25 17:38:53 - [TEST_CASE][PASSED] - Test Cases/TC2: Test Cases/TC2

2023-04-25 17:38:53 - [TEST_STEP][PASSED] - openBrowser(""): Browser is opened with url: ''

2023-04-25 17:38:53 - [MESSAGE][WARNING] - A browser is already opened. Closing browser and opening a new one

2023-04-25 17:38:54 - [MESSAGE][INFO] - Starting 'Chrome' driver

2023-04-25 17:38:54 - [MESSAGE][INFO] - Action delay is set to 0 milliseconds

2023-04-25 17:38:55 - [MESSAGE][PASSED] - Browser is opened with url: ''

2023-04-25 17:38:55 - [TEST_STEP][PASSED] - navigateToUrl("https://www.saucedemo.com/"): Navigate to 'https://www.saucedemo.com/' successfully

2023-04-25 17:38:57 - [MESSAGE][PASSED] - Navigate to 'https://www.saucedemo.com/' successfully

2023-04-25 17:38:57 - [TEST_STEP][PASSED] - maximizeWindow(): Current window maximized

2023-04-25 17:38:57 - [MESSAGE][PASSED] - Current window maximized

2023-04-25 17:38:57 - [TEST_STEP][PASSED] - setText(findTestObject("Object Repository/Page_Swag Labs/input_Swag Labs_user-name"), "standard_user"): Text 'standard_user' is set on object 'Object Repository/Page_Swag Labs/input_Swag Labs_user-name'

2023-04-25 17:38:58 - [MESSAGE][PASSED] - Text 'standard_user' is set on object 'Object Repository/Page_Swag Labs/input_Swag Labs_user-name'

2023-04-25 17:38:58 - [TEST_STEP][PASSED] - setText(findTestObject("Object Repository/Page_Swag Labs/input_Swag Labs_password"), "secret_sauce"): Text 'secret_sauce' is set on object 'Object Repository/Page_Swag Labs/input_Swag Labs_password'

2023-04-25 17:38:59 - [MESSAGE][PASSED] - Text 'secret_sauce' is set on object 'Object Repository/Page_Swag Labs/input_Swag Labs_password'

2023-04-25 17:38:59 - [TEST_STEP][PASSED] - click(findTestObject("Object Repository/Page_Swag Labs/input_Swag Labs_login-button")): Object: 'Object Repository/Page_Swag Labs/input_Swag Labs_login-button' is clicked on

2023-04-25 17:38:59 - [MESSAGE][PASSED] - Object: 'Object Repository/Page_Swag Labs/input_Swag Labs_login-button' is clicked on

2023-04-25 17:38:59 - [TEST_STEP][PASSED] - ProductTitle = getText(findTestObject("Object Repository/txt_product_title", ["ProductTitle":productTitle])): Text of object 'Object Repository/txt_product_title' is: 'Sauce Labs Bolt T-Shirt'

2023-04-25 17:39:00 - [MESSAGE][PASSED] - Text of object 'Object Repository/txt_product_title' is: 'Sauce Labs Bolt T-Shirt'

2023-04-25 17:39:00 - [TEST_STEP][PASSED] - scrollToElement(findTestObject("Object Repository/btn_add_to_cart", ["ProductTitle":productTitle]), 10): Scroll to object 'Object Repository/btn_add_to_cart' successfully

2023-04-25 17:39:00 - [MESSAGE][PASSED] - Scroll to object 'Object Repository/btn_add_to_cart' successfully

2023-04-25 17:39:00 - [TEST_STEP][PASSED] - expectedPrice = getText(findTestObject("Object Repository/cartPage/txt_product_price", ["ProductTitle":productTitle])): Text of object 'Object Repository/cartPage/txt_product_price' is: '$15.99'

2023-04-25 17:39:01 - [MESSAGE][PASSED] - Text of object 'Object Repository/cartPage/txt_product_price' is: '$15.99'

2023-04-25 17:39:01 - [TEST_STEP][PASSED] - print("***************************************************************************"): null

2023-04-25 17:39:01 - [TEST_STEP][PASSED] - print("

expected Price " + expectedPrice + "

"): null

2023-04-25 17:39:01 - [TEST_STEP][PASSED] - click(findTestObject("Object Repository/btn_add_to_cart", ["ProductTitle":productTitle])): Object: 'Object Repository/btn_add_to_cart' is clicked on

2023-04-25 17:39:01 - [MESSAGE][PASSED] - Object: 'Object Repository/btn_add_to_cart' is clicked on

2023-04-25 17:39:01 - [TEST_STEP][PASSED] - scrollToElement(findTestObject("Object Repository/icon_add_to_cart"), 10): Scroll to object 'Object Repository/icon_add_to_cart' successfully

2023-04-25 17:39:01 - [MESSAGE][PASSED] - Scroll to object 'Object Repository/icon_add_to_cart' successfully

2023-04-25 17:39:01 - [TEST_STEP][PASSED] - click(findTestObject("Object Repository/icon_add_to_cart")): Object: 'Object Repository/icon_add_to_cart' is clicked on

2023-04-25 17:39:02 - [MESSAGE][PASSED] - Object: 'Object Repository/icon_add_to_cart' is clicked on

2023-04-25 17:39:02 - [TEST_STEP][PASSED] - verifyElementPresent(findTestObject("Object Repository/cartPage/txt_Product_title", ["ProductTitle":productTitle]), 10): Object 'Object Repository/cartPage/txt_Product_title' is present

2023-04-25 17:39:02 - [MESSAGE][PASSED] - Object 'Object Repository/cartPage/txt_Product_title' is present

2023-04-25 17:39:02 - [TEST_STEP][PASSED] - actualPrice = getText(findTestObject("Object Repository/cartPage/txt_product_price", ["ProductTitle":productTitle])): Text of object 'Object Repository/cartPage/txt_product_price' is: '$15.99'

2023-04-25 17:39:03 - [MESSAGE][PASSED] - Text of object 'Object Repository/cartPage/txt_product_price' is: '$15.99'

2023-04-25 17:39:03 - [TEST_STEP][PASSED] - print("__________________________________________________________"): null

2023-04-25 17:39:03 - [TEST_STEP][PASSED] - print("

Actual Price " + actualPrice + "

"): null

2023-04-25 17:39:03 - [TEST_STEP][PASSED] - print("

 Price " + price + "

"): null]]></system-out>
         <system-err><![CDATA[]]></system-err>
      </testcase>
      <system-out><![CDATA[2023-04-25 17:38:42 - [TEST_SUITE][PASSED] - TS2: Test Cases/TC2]]></system-out>
      <system-err><![CDATA[]]></system-err>
   </testsuite>
</testsuites>
