<?xml version="1.0" encoding="UTF-8"?>
<testsuites name="TS2" time="15.478" tests="2" failures="0" errors="0">
   <testsuite name="TS2" tests="2" failures="0" errors="0" time="15.478" skipped="0" timestamp="2023-04-25 17:12:10" hostname="141572 - 2G53N13.ap.corp.arrow.com" id="Test Suites/TS2">
      <properties>
         <property name="deviceName" value=""/>
         <property name="devicePlatform" value=""/>
         <property name="logFolder" value="C:\\Users\\141572\\git\\KTP\\Reports\\20230425_171156\\TS2\\20230425_171156"/>
         <property name="logFiles" value="C:\\Users\\141572\\git\\KTP\\Reports\\20230425_171156\\TS2\\20230425_171156\\execution0.log"/>
         <property name="attachments" value=""/>
         <property name="hostName" value="141572 - 2G53N13.ap.corp.arrow.com"/>
         <property name="os" value="Windows 10 64bit"/>
         <property name="katalonVersion" value="8.6.0.208"/>
         <property name="browser" value="Chrome 112.0.0.0"/>
         <property name="hostAddress" value="10.126.68.237"/>
         <property name="sessionId" value="c712978e491a8d7983e1dd0bad7fd65a"/>
         <property name="seleniumVersion" value="3.141.59"/>
         <property name="proxyInformation" value="ProxyInformation { proxyOption=NO_PROXY, proxyServerType=HTTP, username=, password=********, proxyServerAddress=, proxyServerPort=0, executionList=&quot;&quot;, isApplyToDesiredCapabilities=true }"/>
         <property name="platform" value="Windows 10"/>
      </properties>
      <testcase name="Test Cases/TC2" time="9.156" classname="Test Cases/TC2" status="PASSED">
         <system-out><![CDATA[2023-04-25 17:12:10 - [TEST_CASE][PASSED] - Test Cases/TC2: Test Cases/TC2

2023-04-25 17:12:11 - [TEST_STEP][PASSED] - openBrowser(""): Browser is opened with url: ''

2023-04-25 17:12:11 - [MESSAGE][INFO] - Starting 'Chrome' driver

2023-04-25 17:12:11 - [MESSAGE][INFO] - Action delay is set to 0 milliseconds

2023-04-25 17:12:14 - [MESSAGE][PASSED] - Browser is opened with url: ''

2023-04-25 17:12:14 - [TEST_STEP][PASSED] - navigateToUrl("https://www.saucedemo.com/"): Navigate to 'https://www.saucedemo.com/' successfully

2023-04-25 17:12:15 - [MESSAGE][PASSED] - Navigate to 'https://www.saucedemo.com/' successfully

2023-04-25 17:12:15 - [TEST_STEP][PASSED] - maximizeWindow(): Current window maximized

2023-04-25 17:12:15 - [MESSAGE][PASSED] - Current window maximized

2023-04-25 17:12:15 - [TEST_STEP][PASSED] - setText(findTestObject("Object Repository/Page_Swag Labs/input_Swag Labs_user-name"), "standard_user"): Text 'standard_user' is set on object 'Object Repository/Page_Swag Labs/input_Swag Labs_user-name'

2023-04-25 17:12:17 - [MESSAGE][PASSED] - Text 'standard_user' is set on object 'Object Repository/Page_Swag Labs/input_Swag Labs_user-name'

2023-04-25 17:12:17 - [TEST_STEP][PASSED] - setText(findTestObject("Object Repository/Page_Swag Labs/input_Swag Labs_password"), "secret_sauce"): Text 'secret_sauce' is set on object 'Object Repository/Page_Swag Labs/input_Swag Labs_password'

2023-04-25 17:12:17 - [MESSAGE][PASSED] - Text 'secret_sauce' is set on object 'Object Repository/Page_Swag Labs/input_Swag Labs_password'

2023-04-25 17:12:17 - [TEST_STEP][PASSED] - click(findTestObject("Object Repository/Page_Swag Labs/input_Swag Labs_login-button")): Object: 'Object Repository/Page_Swag Labs/input_Swag Labs_login-button' is clicked on

2023-04-25 17:12:18 - [MESSAGE][PASSED] - Object: 'Object Repository/Page_Swag Labs/input_Swag Labs_login-button' is clicked on

2023-04-25 17:12:18 - [TEST_STEP][PASSED] - ProductTitle = getText(findTestObject("Object Repository/txt_product_title", ["ProductTitle":productTitle])): Text of object 'Object Repository/txt_product_title' is: 'Sauce Labs Backpack'

2023-04-25 17:12:18 - [MESSAGE][PASSED] - Text of object 'Object Repository/txt_product_title' is: 'Sauce Labs Backpack'

2023-04-25 17:12:18 - [TEST_STEP][PASSED] - print("__________________________________________________________"): null

2023-04-25 17:12:18 - [TEST_STEP][PASSED] - print("

" + ProductTitle + "

"): null

2023-04-25 17:12:18 - [TEST_STEP][PASSED] - closeBrowser(): Browser is closed

2023-04-25 17:12:19 - [MESSAGE][PASSED] - Browser is closed]]></system-out>
         <system-err><![CDATA[]]></system-err>
      </testcase>
      <testcase name="Test Cases/TC2" time="5.969" classname="Test Cases/TC2" status="PASSED">
         <system-out><![CDATA[2023-04-25 17:12:19 - [TEST_CASE][PASSED] - Test Cases/TC2: Test Cases/TC2

2023-04-25 17:12:19 - [TEST_STEP][PASSED] - openBrowser(""): Browser is opened with url: ''

2023-04-25 17:12:19 - [MESSAGE][INFO] - Starting 'Chrome' driver

2023-04-25 17:12:19 - [MESSAGE][INFO] - Action delay is set to 0 milliseconds

2023-04-25 17:12:21 - [MESSAGE][PASSED] - Browser is opened with url: ''

2023-04-25 17:12:21 - [TEST_STEP][PASSED] - navigateToUrl("https://www.saucedemo.com/"): Navigate to 'https://www.saucedemo.com/' successfully

2023-04-25 17:12:22 - [MESSAGE][PASSED] - Navigate to 'https://www.saucedemo.com/' successfully

2023-04-25 17:12:22 - [TEST_STEP][PASSED] - maximizeWindow(): Current window maximized

2023-04-25 17:12:22 - [MESSAGE][PASSED] - Current window maximized

2023-04-25 17:12:22 - [TEST_STEP][PASSED] - setText(findTestObject("Object Repository/Page_Swag Labs/input_Swag Labs_user-name"), "standard_user"): Text 'standard_user' is set on object 'Object Repository/Page_Swag Labs/input_Swag Labs_user-name'

2023-04-25 17:12:23 - [MESSAGE][PASSED] - Text 'standard_user' is set on object 'Object Repository/Page_Swag Labs/input_Swag Labs_user-name'

2023-04-25 17:12:23 - [TEST_STEP][PASSED] - setText(findTestObject("Object Repository/Page_Swag Labs/input_Swag Labs_password"), "secret_sauce"): Text 'secret_sauce' is set on object 'Object Repository/Page_Swag Labs/input_Swag Labs_password'

2023-04-25 17:12:24 - [MESSAGE][PASSED] - Text 'secret_sauce' is set on object 'Object Repository/Page_Swag Labs/input_Swag Labs_password'

2023-04-25 17:12:24 - [TEST_STEP][PASSED] - click(findTestObject("Object Repository/Page_Swag Labs/input_Swag Labs_login-button")): Object: 'Object Repository/Page_Swag Labs/input_Swag Labs_login-button' is clicked on

2023-04-25 17:12:24 - [MESSAGE][PASSED] - Object: 'Object Repository/Page_Swag Labs/input_Swag Labs_login-button' is clicked on

2023-04-25 17:12:24 - [TEST_STEP][PASSED] - ProductTitle = getText(findTestObject("Object Repository/txt_product_title", ["ProductTitle":productTitle])): Text of object 'Object Repository/txt_product_title' is: 'Sauce Labs Bolt T-Shirt'

2023-04-25 17:12:25 - [MESSAGE][PASSED] - Text of object 'Object Repository/txt_product_title' is: 'Sauce Labs Bolt T-Shirt'

2023-04-25 17:12:25 - [TEST_STEP][PASSED] - print("__________________________________________________________"): null

2023-04-25 17:12:25 - [TEST_STEP][PASSED] - print("

" + ProductTitle + "

"): null

2023-04-25 17:12:25 - [TEST_STEP][PASSED] - closeBrowser(): Browser is closed

2023-04-25 17:12:25 - [MESSAGE][PASSED] - Browser is closed]]></system-out>
         <system-err><![CDATA[]]></system-err>
      </testcase>
      <system-out><![CDATA[2023-04-25 17:12:10 - [TEST_SUITE][PASSED] - TS2: Test Cases/TC2]]></system-out>
      <system-err><![CDATA[]]></system-err>
   </testsuite>
</testsuites>
