<?xml version="1.0" encoding="UTF-8"?>
<testsuites name="TS2" time="62.287" tests="3" failures="0" errors="0">
   <testsuite name="TS2" tests="3" failures="0" errors="0" time="62.287" skipped="0" timestamp="2023-07-13 21:41:56" hostname="Pratik - DESKTOP-B5OS8LU" id="Test Suites/TS2">
      <properties>
         <property name="deviceName" value=""/>
         <property name="devicePlatform" value=""/>
         <property name="logFolder" value="D:\\Projects\\KTP-master\\Reports\\20230713_214151\\TS2\\20230713_214151"/>
         <property name="logFiles" value="D:\\Projects\\KTP-master\\Reports\\20230713_214151\\TS2\\20230713_214151\\execution0.log"/>
         <property name="attachments" value=""/>
         <property name="hostName" value="Pratik - DESKTOP-B5OS8LU"/>
         <property name="os" value="Windows 10 64bit"/>
         <property name="katalonVersion" value="8.6.5.208"/>
         <property name="browser" value="Chrome 114.0.0.0"/>
         <property name="hostAddress" value="192.168.56.1"/>
         <property name="sessionId" value="82e52245ca35d45357c87961d8cc6a8f"/>
         <property name="seleniumVersion" value="3.141.59"/>
         <property name="proxyInformation" value="ProxyInformation { proxyOption=NO_PROXY, proxyServerType=HTTP, username=, password=********, proxyServerAddress=, proxyServerPort=0, executionList=&quot;&quot;, isApplyToDesiredCapabilities=true }"/>
         <property name="platform" value="Windows 10"/>
      </properties>
      <testcase name="Test Cases/verifyPriceInCart" time="21.179" classname="Test Cases/verifyPriceInCart" status="PASSED">
         <system-out><![CDATA[2023-07-13 21:41:57 - [TEST_CASE][PASSED] - Test Cases/verifyPriceInCart: Test Cases/verifyPriceInCart

2023-07-13 21:41:58 - [TEST_STEP][PASSED] - openBrowser(""): Browser is opened with url: ''

2023-07-13 21:41:59 - [MESSAGE][INFO] - Starting 'Chrome' driver

2023-07-13 21:41:59 - [MESSAGE][INFO] - Action delay is set to 0 milliseconds

2023-07-13 21:42:02 - [MESSAGE][PASSED] - Browser is opened with url: ''

2023-07-13 21:42:02 - [TEST_STEP][PASSED] - navigateToUrl("https://www.saucedemo.com/"): Navigate to 'https://www.saucedemo.com/' successfully

2023-07-13 21:42:06 - [MESSAGE][PASSED] - Navigate to 'https://www.saucedemo.com/' successfully

2023-07-13 21:42:06 - [TEST_STEP][PASSED] - maximizeWindow(): Current window maximized

2023-07-13 21:42:06 - [MESSAGE][PASSED] - Current window maximized

2023-07-13 21:42:06 - [TEST_STEP][PASSED] - setText(findTestObject("Object Repository/Page_Swag Labs/input_Swag Labs_user-name"), "standard_user"): Text 'standard_user' is set on object 'Object Repository/Page_Swag Labs/input_Swag Labs_user-name'

2023-07-13 21:42:07 - [MESSAGE][PASSED] - Text 'standard_user' is set on object 'Object Repository/Page_Swag Labs/input_Swag Labs_user-name'

2023-07-13 21:42:07 - [TEST_STEP][PASSED] - setText(findTestObject("Object Repository/Page_Swag Labs/input_Swag Labs_password"), "secret_sauce"): Text 'secret_sauce' is set on object 'Object Repository/Page_Swag Labs/input_Swag Labs_password'

2023-07-13 21:42:08 - [MESSAGE][PASSED] - Text 'secret_sauce' is set on object 'Object Repository/Page_Swag Labs/input_Swag Labs_password'

2023-07-13 21:42:08 - [TEST_STEP][PASSED] - click(findTestObject("Object Repository/Page_Swag Labs/input_Swag Labs_login-button")): Object: 'Object Repository/Page_Swag Labs/input_Swag Labs_login-button' is clicked on

2023-07-13 21:42:08 - [MESSAGE][PASSED] - Object: 'Object Repository/Page_Swag Labs/input_Swag Labs_login-button' is clicked on

2023-07-13 21:42:08 - [TEST_STEP][PASSED] - rowCount = findTestData("ProductData").getRowNumbers(): null

2023-07-13 21:42:10 - [TEST_STEP][PASSED] - arr = new java.util.ArrayList(): null

2023-07-13 21:42:10 - [TEST_STEP][PASSED] - for ([i = 1, i <= rowCount, (i++)]): null

2023-07-13 21:42:10 - [TEST_STEP][PASSED] - arr.add(findTestData("ProductData").getValue("ProductTitle", i)): null

2023-07-13 21:42:10 - [TEST_STEP][PASSED] - arr.add(findTestData("ProductData").getValue("ProductTitle", i)): null

2023-07-13 21:42:10 - [TEST_STEP][PASSED] - for (String pp : arr): Object: 'Object Repository/cartPage/btn_continue_shopping' is clicked on

2023-07-13 21:42:10 - [TEST_STEP][PASSED] - ProductTitle = getText(findTestObject("Object Repository/txt_product_title", ["ProductTitle":pp])): Text of object 'Object Repository/txt_product_title' is: 'Sauce Labs Backpack'

2023-07-13 21:42:10 - [MESSAGE][PASSED] - Text of object 'Object Repository/txt_product_title' is: 'Sauce Labs Backpack'

2023-07-13 21:42:10 - [TEST_STEP][PASSED] - scrollToElement(findTestObject("Object Repository/btn_add_to_cart", ["ProductTitle":pp]), 10): Scroll to object 'Object Repository/btn_add_to_cart' successfully

2023-07-13 21:42:11 - [MESSAGE][PASSED] - Scroll to object 'Object Repository/btn_add_to_cart' successfully

2023-07-13 21:42:11 - [TEST_STEP][PASSED] - expectedPrice = getText(findTestObject("Object Repository/cartPage/txt_product_price", ["ProductTitle":pp])): Text of object 'Object Repository/cartPage/txt_product_price' is: '$29.99'

2023-07-13 21:42:11 - [MESSAGE][PASSED] - Text of object 'Object Repository/cartPage/txt_product_price' is: '$29.99'

2023-07-13 21:42:11 - [TEST_STEP][PASSED] - click(findTestObject("Object Repository/btn_add_to_cart", ["ProductTitle":pp])): Object: 'Object Repository/btn_add_to_cart' is clicked on

2023-07-13 21:42:12 - [MESSAGE][PASSED] - Object: 'Object Repository/btn_add_to_cart' is clicked on

2023-07-13 21:42:12 - [TEST_STEP][PASSED] - scrollToElement(findTestObject("Object Repository/icon_add_to_cart"), 10): Scroll to object 'Object Repository/icon_add_to_cart' successfully

2023-07-13 21:42:12 - [MESSAGE][PASSED] - Scroll to object 'Object Repository/icon_add_to_cart' successfully

2023-07-13 21:42:12 - [TEST_STEP][PASSED] - click(findTestObject("Object Repository/icon_add_to_cart")): Object: 'Object Repository/icon_add_to_cart' is clicked on

2023-07-13 21:42:13 - [MESSAGE][PASSED] - Object: 'Object Repository/icon_add_to_cart' is clicked on

2023-07-13 21:42:13 - [TEST_STEP][PASSED] - verifyElementPresent(findTestObject("Object Repository/cartPage/txt_Product_title", ["ProductTitle":pp]), 10): Object 'Object Repository/cartPage/txt_Product_title' is present

2023-07-13 21:42:13 - [MESSAGE][PASSED] - Object 'Object Repository/cartPage/txt_Product_title' is present

2023-07-13 21:42:13 - [TEST_STEP][PASSED] - actualPrice = getText(findTestObject("Object Repository/cartPage/txt_product_price", ["ProductTitle":pp])): Text of object 'Object Repository/cartPage/txt_product_price' is: '$29.99'

2023-07-13 21:42:14 - [MESSAGE][PASSED] - Text of object 'Object Repository/cartPage/txt_product_price' is: '$29.99'

2023-07-13 21:42:14 - [TEST_STEP][PASSED] - verifyMatch(actualPrice, expectedPrice, false, CONTINUE_ON_FAILURE): Actual text '$29.99' and expected text '$29.99' are matched 

2023-07-13 21:42:14 - [MESSAGE][PASSED] - Actual text '$29.99' and expected text '$29.99' are matched 

2023-07-13 21:42:14 - [TEST_STEP][PASSED] - click(findTestObject("Object Repository/cartPage/btn_continue_shopping")): Object: 'Object Repository/cartPage/btn_continue_shopping' is clicked on

2023-07-13 21:42:14 - [MESSAGE][PASSED] - Object: 'Object Repository/cartPage/btn_continue_shopping' is clicked on

2023-07-13 21:42:14 - [TEST_STEP][PASSED] - ProductTitle = getText(findTestObject("Object Repository/txt_product_title", ["ProductTitle":pp])): Text of object 'Object Repository/txt_product_title' is: 'Sauce Labs Bolt T-Shirt'

2023-07-13 21:42:15 - [MESSAGE][PASSED] - Text of object 'Object Repository/txt_product_title' is: 'Sauce Labs Bolt T-Shirt'

2023-07-13 21:42:15 - [TEST_STEP][PASSED] - scrollToElement(findTestObject("Object Repository/btn_add_to_cart", ["ProductTitle":pp]), 10): Scroll to object 'Object Repository/btn_add_to_cart' successfully

2023-07-13 21:42:15 - [MESSAGE][PASSED] - Scroll to object 'Object Repository/btn_add_to_cart' successfully

2023-07-13 21:42:15 - [TEST_STEP][PASSED] - expectedPrice = getText(findTestObject("Object Repository/cartPage/txt_product_price", ["ProductTitle":pp])): Text of object 'Object Repository/cartPage/txt_product_price' is: '$15.99'

2023-07-13 21:42:15 - [MESSAGE][PASSED] - Text of object 'Object Repository/cartPage/txt_product_price' is: '$15.99'

2023-07-13 21:42:15 - [TEST_STEP][PASSED] - click(findTestObject("Object Repository/btn_add_to_cart", ["ProductTitle":pp])): Object: 'Object Repository/btn_add_to_cart' is clicked on

2023-07-13 21:42:16 - [MESSAGE][PASSED] - Object: 'Object Repository/btn_add_to_cart' is clicked on

2023-07-13 21:42:16 - [TEST_STEP][PASSED] - scrollToElement(findTestObject("Object Repository/icon_add_to_cart"), 10): Scroll to object 'Object Repository/icon_add_to_cart' successfully

2023-07-13 21:42:16 - [MESSAGE][PASSED] - Scroll to object 'Object Repository/icon_add_to_cart' successfully

2023-07-13 21:42:16 - [TEST_STEP][PASSED] - click(findTestObject("Object Repository/icon_add_to_cart")): Object: 'Object Repository/icon_add_to_cart' is clicked on

2023-07-13 21:42:17 - [MESSAGE][PASSED] - Object: 'Object Repository/icon_add_to_cart' is clicked on

2023-07-13 21:42:17 - [TEST_STEP][PASSED] - verifyElementPresent(findTestObject("Object Repository/cartPage/txt_Product_title", ["ProductTitle":pp]), 10): Object 'Object Repository/cartPage/txt_Product_title' is present

2023-07-13 21:42:17 - [MESSAGE][PASSED] - Object 'Object Repository/cartPage/txt_Product_title' is present

2023-07-13 21:42:17 - [TEST_STEP][PASSED] - actualPrice = getText(findTestObject("Object Repository/cartPage/txt_product_price", ["ProductTitle":pp])): Text of object 'Object Repository/cartPage/txt_product_price' is: '$15.99'

2023-07-13 21:42:18 - [MESSAGE][PASSED] - Text of object 'Object Repository/cartPage/txt_product_price' is: '$15.99'

2023-07-13 21:42:18 - [TEST_STEP][PASSED] - verifyMatch(actualPrice, expectedPrice, false, CONTINUE_ON_FAILURE): Actual text '$15.99' and expected text '$15.99' are matched 

2023-07-13 21:42:18 - [MESSAGE][PASSED] - Actual text '$15.99' and expected text '$15.99' are matched 

2023-07-13 21:42:18 - [TEST_STEP][PASSED] - click(findTestObject("Object Repository/cartPage/btn_continue_shopping")): Object: 'Object Repository/cartPage/btn_continue_shopping' is clicked on

2023-07-13 21:42:18 - [MESSAGE][PASSED] - Object: 'Object Repository/cartPage/btn_continue_shopping' is clicked on]]></system-out>
         <system-err><![CDATA[]]></system-err>
      </testcase>
      <testcase name="Test Cases/verifyPriceInCart" time="16.965" classname="Test Cases/verifyPriceInCart" status="PASSED">
         <system-out><![CDATA[2023-07-13 21:42:18 - [TEST_CASE][PASSED] - Test Cases/verifyPriceInCart: Test Cases/verifyPriceInCart

2023-07-13 21:42:18 - [TEST_STEP][PASSED] - openBrowser(""): Browser is opened with url: ''

2023-07-13 21:42:18 - [MESSAGE][WARNING] - A browser is already opened. Closing browser and opening a new one

2023-07-13 21:42:19 - [MESSAGE][INFO] - Starting 'Chrome' driver

2023-07-13 21:42:19 - [MESSAGE][INFO] - Action delay is set to 0 milliseconds

2023-07-13 21:42:21 - [MESSAGE][PASSED] - Browser is opened with url: ''

2023-07-13 21:42:21 - [TEST_STEP][PASSED] - navigateToUrl("https://www.saucedemo.com/"): Navigate to 'https://www.saucedemo.com/' successfully

2023-07-13 21:42:24 - [MESSAGE][PASSED] - Navigate to 'https://www.saucedemo.com/' successfully

2023-07-13 21:42:24 - [TEST_STEP][PASSED] - maximizeWindow(): Current window maximized

2023-07-13 21:42:24 - [MESSAGE][PASSED] - Current window maximized

2023-07-13 21:42:24 - [TEST_STEP][PASSED] - setText(findTestObject("Object Repository/Page_Swag Labs/input_Swag Labs_user-name"), "standard_user"): Text 'standard_user' is set on object 'Object Repository/Page_Swag Labs/input_Swag Labs_user-name'

2023-07-13 21:42:25 - [MESSAGE][PASSED] - Text 'standard_user' is set on object 'Object Repository/Page_Swag Labs/input_Swag Labs_user-name'

2023-07-13 21:42:25 - [TEST_STEP][PASSED] - setText(findTestObject("Object Repository/Page_Swag Labs/input_Swag Labs_password"), "secret_sauce"): Text 'secret_sauce' is set on object 'Object Repository/Page_Swag Labs/input_Swag Labs_password'

2023-07-13 21:42:26 - [MESSAGE][PASSED] - Text 'secret_sauce' is set on object 'Object Repository/Page_Swag Labs/input_Swag Labs_password'

2023-07-13 21:42:26 - [TEST_STEP][PASSED] - click(findTestObject("Object Repository/Page_Swag Labs/input_Swag Labs_login-button")): Object: 'Object Repository/Page_Swag Labs/input_Swag Labs_login-button' is clicked on

2023-07-13 21:42:26 - [MESSAGE][PASSED] - Object: 'Object Repository/Page_Swag Labs/input_Swag Labs_login-button' is clicked on

2023-07-13 21:42:26 - [TEST_STEP][PASSED] - rowCount = findTestData("ProductData").getRowNumbers(): null

2023-07-13 21:42:27 - [TEST_STEP][PASSED] - arr = new java.util.ArrayList(): null

2023-07-13 21:42:27 - [TEST_STEP][PASSED] - for ([i = 1, i <= rowCount, (i++)]): null

2023-07-13 21:42:27 - [TEST_STEP][PASSED] - arr.add(findTestData("ProductData").getValue("ProductTitle", i)): null

2023-07-13 21:42:27 - [TEST_STEP][PASSED] - arr.add(findTestData("ProductData").getValue("ProductTitle", i)): null

2023-07-13 21:42:27 - [TEST_STEP][PASSED] - for (String pp : arr): Object: 'Object Repository/cartPage/btn_continue_shopping' is clicked on

2023-07-13 21:42:27 - [TEST_STEP][PASSED] - ProductTitle = getText(findTestObject("Object Repository/txt_product_title", ["ProductTitle":pp])): Text of object 'Object Repository/txt_product_title' is: 'Sauce Labs Backpack'

2023-07-13 21:42:27 - [MESSAGE][PASSED] - Text of object 'Object Repository/txt_product_title' is: 'Sauce Labs Backpack'

2023-07-13 21:42:27 - [TEST_STEP][PASSED] - scrollToElement(findTestObject("Object Repository/btn_add_to_cart", ["ProductTitle":pp]), 10): Scroll to object 'Object Repository/btn_add_to_cart' successfully

2023-07-13 21:42:28 - [MESSAGE][PASSED] - Scroll to object 'Object Repository/btn_add_to_cart' successfully

2023-07-13 21:42:28 - [TEST_STEP][PASSED] - expectedPrice = getText(findTestObject("Object Repository/cartPage/txt_product_price", ["ProductTitle":pp])): Text of object 'Object Repository/cartPage/txt_product_price' is: '$29.99'

2023-07-13 21:42:28 - [MESSAGE][PASSED] - Text of object 'Object Repository/cartPage/txt_product_price' is: '$29.99'

2023-07-13 21:42:28 - [TEST_STEP][PASSED] - click(findTestObject("Object Repository/btn_add_to_cart", ["ProductTitle":pp])): Object: 'Object Repository/btn_add_to_cart' is clicked on

2023-07-13 21:42:29 - [MESSAGE][PASSED] - Object: 'Object Repository/btn_add_to_cart' is clicked on

2023-07-13 21:42:29 - [TEST_STEP][PASSED] - scrollToElement(findTestObject("Object Repository/icon_add_to_cart"), 10): Scroll to object 'Object Repository/icon_add_to_cart' successfully

2023-07-13 21:42:29 - [MESSAGE][PASSED] - Scroll to object 'Object Repository/icon_add_to_cart' successfully

2023-07-13 21:42:29 - [TEST_STEP][PASSED] - click(findTestObject("Object Repository/icon_add_to_cart")): Object: 'Object Repository/icon_add_to_cart' is clicked on

2023-07-13 21:42:30 - [MESSAGE][PASSED] - Object: 'Object Repository/icon_add_to_cart' is clicked on

2023-07-13 21:42:30 - [TEST_STEP][PASSED] - verifyElementPresent(findTestObject("Object Repository/cartPage/txt_Product_title", ["ProductTitle":pp]), 10): Object 'Object Repository/cartPage/txt_Product_title' is present

2023-07-13 21:42:30 - [MESSAGE][PASSED] - Object 'Object Repository/cartPage/txt_Product_title' is present

2023-07-13 21:42:30 - [TEST_STEP][PASSED] - actualPrice = getText(findTestObject("Object Repository/cartPage/txt_product_price", ["ProductTitle":pp])): Text of object 'Object Repository/cartPage/txt_product_price' is: '$29.99'

2023-07-13 21:42:31 - [MESSAGE][PASSED] - Text of object 'Object Repository/cartPage/txt_product_price' is: '$29.99'

2023-07-13 21:42:31 - [TEST_STEP][PASSED] - verifyMatch(actualPrice, expectedPrice, false, CONTINUE_ON_FAILURE): Actual text '$29.99' and expected text '$29.99' are matched 

2023-07-13 21:42:31 - [MESSAGE][PASSED] - Actual text '$29.99' and expected text '$29.99' are matched 

2023-07-13 21:42:31 - [TEST_STEP][PASSED] - click(findTestObject("Object Repository/cartPage/btn_continue_shopping")): Object: 'Object Repository/cartPage/btn_continue_shopping' is clicked on

2023-07-13 21:42:31 - [MESSAGE][PASSED] - Object: 'Object Repository/cartPage/btn_continue_shopping' is clicked on

2023-07-13 21:42:31 - [TEST_STEP][PASSED] - ProductTitle = getText(findTestObject("Object Repository/txt_product_title", ["ProductTitle":pp])): Text of object 'Object Repository/txt_product_title' is: 'Sauce Labs Bolt T-Shirt'

2023-07-13 21:42:32 - [MESSAGE][PASSED] - Text of object 'Object Repository/txt_product_title' is: 'Sauce Labs Bolt T-Shirt'

2023-07-13 21:42:32 - [TEST_STEP][PASSED] - scrollToElement(findTestObject("Object Repository/btn_add_to_cart", ["ProductTitle":pp]), 10): Scroll to object 'Object Repository/btn_add_to_cart' successfully

2023-07-13 21:42:32 - [MESSAGE][PASSED] - Scroll to object 'Object Repository/btn_add_to_cart' successfully

2023-07-13 21:42:32 - [TEST_STEP][PASSED] - expectedPrice = getText(findTestObject("Object Repository/cartPage/txt_product_price", ["ProductTitle":pp])): Text of object 'Object Repository/cartPage/txt_product_price' is: '$15.99'

2023-07-13 21:42:32 - [MESSAGE][PASSED] - Text of object 'Object Repository/cartPage/txt_product_price' is: '$15.99'

2023-07-13 21:42:32 - [TEST_STEP][PASSED] - click(findTestObject("Object Repository/btn_add_to_cart", ["ProductTitle":pp])): Object: 'Object Repository/btn_add_to_cart' is clicked on

2023-07-13 21:42:33 - [MESSAGE][PASSED] - Object: 'Object Repository/btn_add_to_cart' is clicked on

2023-07-13 21:42:33 - [TEST_STEP][PASSED] - scrollToElement(findTestObject("Object Repository/icon_add_to_cart"), 10): Scroll to object 'Object Repository/icon_add_to_cart' successfully

2023-07-13 21:42:33 - [MESSAGE][PASSED] - Scroll to object 'Object Repository/icon_add_to_cart' successfully

2023-07-13 21:42:33 - [TEST_STEP][PASSED] - click(findTestObject("Object Repository/icon_add_to_cart")): Object: 'Object Repository/icon_add_to_cart' is clicked on

2023-07-13 21:42:34 - [MESSAGE][PASSED] - Object: 'Object Repository/icon_add_to_cart' is clicked on

2023-07-13 21:42:34 - [TEST_STEP][PASSED] - verifyElementPresent(findTestObject("Object Repository/cartPage/txt_Product_title", ["ProductTitle":pp]), 10): Object 'Object Repository/cartPage/txt_Product_title' is present

2023-07-13 21:42:34 - [MESSAGE][PASSED] - Object 'Object Repository/cartPage/txt_Product_title' is present

2023-07-13 21:42:34 - [TEST_STEP][PASSED] - actualPrice = getText(findTestObject("Object Repository/cartPage/txt_product_price", ["ProductTitle":pp])): Text of object 'Object Repository/cartPage/txt_product_price' is: '$15.99'

2023-07-13 21:42:35 - [MESSAGE][PASSED] - Text of object 'Object Repository/cartPage/txt_product_price' is: '$15.99'

2023-07-13 21:42:35 - [TEST_STEP][PASSED] - verifyMatch(actualPrice, expectedPrice, false, CONTINUE_ON_FAILURE): Actual text '$15.99' and expected text '$15.99' are matched 

2023-07-13 21:42:35 - [MESSAGE][PASSED] - Actual text '$15.99' and expected text '$15.99' are matched 

2023-07-13 21:42:35 - [TEST_STEP][PASSED] - click(findTestObject("Object Repository/cartPage/btn_continue_shopping")): Object: 'Object Repository/cartPage/btn_continue_shopping' is clicked on

2023-07-13 21:42:35 - [MESSAGE][PASSED] - Object: 'Object Repository/cartPage/btn_continue_shopping' is clicked on]]></system-out>
         <system-err><![CDATA[]]></system-err>
      </testcase>
      <testcase name="Test Cases/verifySortingProductsFeature" time="23.374" classname="Test Cases/verifySortingProductsFeature" status="PASSED">
         <system-out><![CDATA[2023-07-13 21:42:35 - [TEST_CASE][PASSED] - Test Cases/verifySortingProductsFeature: Test Cases/verifySortingProductsFeature

2023-07-13 21:42:35 - [TEST_STEP][PASSED] - openBrowser("https://www.saucedemo.com/"): Browser is opened with url: 'https://www.saucedemo.com/'

2023-07-13 21:42:35 - [MESSAGE][WARNING] - A browser is already opened. Closing browser and opening a new one

2023-07-13 21:42:36 - [MESSAGE][INFO] - Starting 'Chrome' driver

2023-07-13 21:42:36 - [MESSAGE][INFO] - Action delay is set to 0 milliseconds

2023-07-13 21:42:41 - [MESSAGE][PASSED] - Browser is opened with url: 'https://www.saucedemo.com/'

2023-07-13 21:42:41 - [TEST_STEP][PASSED] - maximizeWindow(): Current window maximized

2023-07-13 21:42:41 - [MESSAGE][PASSED] - Current window maximized

2023-07-13 21:42:41 - [TEST_STEP][PASSED] - setText(findTestObject("Object Repository/Page_Swag Labs/input_Swag Labs_user-name"), "standard_user"): Text 'standard_user' is set on object 'Object Repository/Page_Swag Labs/input_Swag Labs_user-name'

2023-07-13 21:42:42 - [MESSAGE][PASSED] - Text 'standard_user' is set on object 'Object Repository/Page_Swag Labs/input_Swag Labs_user-name'

2023-07-13 21:42:42 - [TEST_STEP][PASSED] - setText(findTestObject("Object Repository/Page_Swag Labs/input_Swag Labs_password"), "secret_sauce"): Text 'secret_sauce' is set on object 'Object Repository/Page_Swag Labs/input_Swag Labs_password'

2023-07-13 21:42:42 - [MESSAGE][PASSED] - Text 'secret_sauce' is set on object 'Object Repository/Page_Swag Labs/input_Swag Labs_password'

2023-07-13 21:42:42 - [TEST_STEP][PASSED] - click(findTestObject("Object Repository/Page_Swag Labs/input_Swag Labs_login-button")): Object: 'Object Repository/Page_Swag Labs/input_Swag Labs_login-button' is clicked on

2023-07-13 21:42:43 - [MESSAGE][PASSED] - Object: 'Object Repository/Page_Swag Labs/input_Swag Labs_login-button' is clicked on

2023-07-13 21:42:43 - [TEST_STEP][PASSED] - eleCount = findWebElements(findTestObject("Object Repository/PLP/count_products"), 10).size(): null

2023-07-13 21:42:43 - [TEST_STEP][PASSED] - flag = com.PLP.CommonKeywords.validateListIsInDescendingOrderOrNot(eleCount): com.PLP.CommonKeywords.validateListIsInDescendingOrderOrNot is PASSED

2023-07-13 21:42:44 - [MESSAGE][PASSED] - Object: 'Object Repository/PLP/select_sort_products' is clicked on

2023-07-13 21:42:45 - [MESSAGE][PASSED] - All options with label 'Name (Z to A)' are selected in object 'Object Repository/PLP/select_sort_products' 

2023-07-13 21:42:45 - [MESSAGE][PASSED] - Text of object 'Object Repository/PLP/txt_product_title_each' is: 'Test.allTheThings() T-Shirt (Red)'

2023-07-13 21:42:46 - [MESSAGE][PASSED] - Text of object 'Object Repository/PLP/txt_product_title_each' is: 'Sauce Labs Onesie'

2023-07-13 21:42:46 - [MESSAGE][PASSED] - Text of object 'Object Repository/PLP/txt_product_title_each' is: 'Sauce Labs Fleece Jacket'

2023-07-13 21:42:47 - [MESSAGE][PASSED] - Text of object 'Object Repository/PLP/txt_product_title_each' is: 'Sauce Labs Bolt T-Shirt'

2023-07-13 21:42:47 - [MESSAGE][PASSED] - Text of object 'Object Repository/PLP/txt_product_title_each' is: 'Sauce Labs Bike Light'

2023-07-13 21:42:47 - [MESSAGE][PASSED] - Text of object 'Object Repository/PLP/txt_product_title_each' is: 'Sauce Labs Backpack'

2023-07-13 21:42:47 - [MESSAGE][PASSED] - com.PLP.CommonKeywords.validateListIsInDescendingOrderOrNot is PASSED

2023-07-13 21:42:47 - [TEST_STEP][PASSED] - verifyMatch(flag, "true", false, CONTINUE_ON_FAILURE): Actual text 'true' and expected text 'true' are matched 

2023-07-13 21:42:47 - [MESSAGE][PASSED] - Actual text 'true' and expected text 'true' are matched 

2023-07-13 21:42:47 - [TEST_STEP][PASSED] - flag1 = com.PLP.CommonKeywords.validateListIsInAscendingOrderOrNot(eleCount): com.PLP.CommonKeywords.validateListIsInAscendingOrderOrNot is PASSED

2023-07-13 21:42:48 - [MESSAGE][PASSED] - Object: 'Object Repository/PLP/select_sort_products' is clicked on

2023-07-13 21:42:49 - [MESSAGE][PASSED] - All options with label 'Name (A to Z)' are selected in object 'Object Repository/PLP/select_sort_products' 

2023-07-13 21:42:49 - [MESSAGE][PASSED] - Text of object 'Object Repository/PLP/txt_product_title_each' is: 'Sauce Labs Backpack'

2023-07-13 21:42:50 - [MESSAGE][PASSED] - Text of object 'Object Repository/PLP/txt_product_title_each' is: 'Sauce Labs Bike Light'

2023-07-13 21:42:50 - [MESSAGE][PASSED] - Text of object 'Object Repository/PLP/txt_product_title_each' is: 'Sauce Labs Bolt T-Shirt'

2023-07-13 21:42:51 - [MESSAGE][PASSED] - Text of object 'Object Repository/PLP/txt_product_title_each' is: 'Sauce Labs Fleece Jacket'

2023-07-13 21:42:51 - [MESSAGE][PASSED] - Text of object 'Object Repository/PLP/txt_product_title_each' is: 'Sauce Labs Onesie'

2023-07-13 21:42:51 - [MESSAGE][PASSED] - Text of object 'Object Repository/PLP/txt_product_title_each' is: 'Test.allTheThings() T-Shirt (Red)'

2023-07-13 21:42:51 - [MESSAGE][PASSED] - com.PLP.CommonKeywords.validateListIsInAscendingOrderOrNot is PASSED

2023-07-13 21:42:51 - [TEST_STEP][PASSED] - verifyMatch(flag1, "true", false, CONTINUE_ON_FAILURE): Actual text 'true' and expected text 'true' are matched 

2023-07-13 21:42:51 - [MESSAGE][PASSED] - Actual text 'true' and expected text 'true' are matched 

2023-07-13 21:42:51 - [TEST_STEP][PASSED] - flag2 = com.PLP.CommonKeywords.isPriceAscending(eleCount): com.PLP.CommonKeywords.isPriceAscending is PASSED

2023-07-13 21:42:52 - [MESSAGE][PASSED] - Object: 'Object Repository/PLP/select_sort_products' is clicked on

2023-07-13 21:42:53 - [MESSAGE][PASSED] - All options with label 'Price (low to high)' are selected in object 'Object Repository/PLP/select_sort_products' 

2023-07-13 21:42:53 - [MESSAGE][PASSED] - Text of object 'Object Repository/PLP/txt_product_price_each' is: '$7.99'

2023-07-13 21:42:53 - [MESSAGE][PASSED] - Text of object 'Object Repository/PLP/txt_product_price_each' is: '$9.99'

2023-07-13 21:42:54 - [MESSAGE][PASSED] - Text of object 'Object Repository/PLP/txt_product_price_each' is: '$15.99'

2023-07-13 21:42:54 - [MESSAGE][PASSED] - Text of object 'Object Repository/PLP/txt_product_price_each' is: '$15.99'

2023-07-13 21:42:55 - [MESSAGE][PASSED] - Text of object 'Object Repository/PLP/txt_product_price_each' is: '$29.99'

2023-07-13 21:42:55 - [MESSAGE][PASSED] - Text of object 'Object Repository/PLP/txt_product_price_each' is: '$49.99'

2023-07-13 21:42:55 - [MESSAGE][PASSED] - com.PLP.CommonKeywords.isPriceAscending is PASSED

2023-07-13 21:42:55 - [TEST_STEP][PASSED] - verifyMatch(flag2, "true", false, CONTINUE_ON_FAILURE): Actual text 'true' and expected text 'true' are matched 

2023-07-13 21:42:55 - [MESSAGE][PASSED] - Actual text 'true' and expected text 'true' are matched 

2023-07-13 21:42:55 - [TEST_STEP][PASSED] - flag3 = com.PLP.CommonKeywords.isPriceDescending(eleCount): com.PLP.CommonKeywords.isPriceDescending is PASSED

2023-07-13 21:42:55 - [MESSAGE][PASSED] - Object: 'Object Repository/PLP/select_sort_products' is clicked on

2023-07-13 21:42:56 - [MESSAGE][PASSED] - All options with label 'Price (high to low)' are selected in object 'Object Repository/PLP/select_sort_products' 

2023-07-13 21:42:57 - [MESSAGE][PASSED] - Text of object 'Object Repository/PLP/txt_product_price_each' is: '$49.99'

2023-07-13 21:42:57 - [MESSAGE][PASSED] - Text of object 'Object Repository/PLP/txt_product_price_each' is: '$29.99'

2023-07-13 21:42:57 - [MESSAGE][PASSED] - Text of object 'Object Repository/PLP/txt_product_price_each' is: '$15.99'

2023-07-13 21:42:58 - [MESSAGE][PASSED] - Text of object 'Object Repository/PLP/txt_product_price_each' is: '$15.99'

2023-07-13 21:42:58 - [MESSAGE][PASSED] - Text of object 'Object Repository/PLP/txt_product_price_each' is: '$9.99'

2023-07-13 21:42:59 - [MESSAGE][PASSED] - Text of object 'Object Repository/PLP/txt_product_price_each' is: '$7.99'

2023-07-13 21:42:59 - [MESSAGE][PASSED] - com.PLP.CommonKeywords.isPriceDescending is PASSED

2023-07-13 21:42:59 - [TEST_STEP][PASSED] - verifyMatch(flag3, "true", false, CONTINUE_ON_FAILURE): Actual text 'true' and expected text 'true' are matched 

2023-07-13 21:42:59 - [MESSAGE][PASSED] - Actual text 'true' and expected text 'true' are matched]]></system-out>
         <system-err><![CDATA[]]></system-err>
      </testcase>
      <system-out><![CDATA[2023-07-13 21:41:56 - [TEST_SUITE][PASSED] - TS2: Test Cases/verifySortingProductsFeature]]></system-out>
      <system-err><![CDATA[]]></system-err>
   </testsuite>
</testsuites>
